<?xml version="1.0" encoding="UTF-8"?>
<!-- Generated by org.testng.reporters.JUnitXMLReporter -->
<testsuite hostname="LAPTOP-2JQA28IF" ignored="0" name="Test" tests="4" failures="0" timestamp="2022-04-14T16:04:27 IST" time="0.088" errors="0">
  <testcase name="@BeforeMethod setUpMethod" time="-1.6499324674E9" classname="com.sauceDemo.TestClasses.TestBaseClass">
    <failure type="org.testng.TestNGException" message="
Parameter &amp;apos;browserName&amp;apos; is required by BeforeMethod on method setUpMethod but has not been marked @Optional or defined
in C:\Users\prasa\eclipse-workspace\sauceDemo5\testng.xml">
      <![CDATA[org.testng.TestNGException: 
Parameter 'browserName' is required by BeforeMethod on method setUpMethod but has not been marked @Optional or defined
in C:\Users\prasa\eclipse-workspace\sauceDemo5\testng.xml
at java.util.ArrayList.forEach(ArrayList.java:1257)
... Removed 28 stack frames]]>
    </failure>
  </testcase> <!-- @BeforeMethod setUpMethod -->
  <testcase name="@AfterMethod tearDownmethod" time="-1.649932467418E9" classname="com.sauceDemo.TestClasses.TestBaseClass">
    <skipped/>
  </testcase> <!-- @AfterMethod tearDownmethod -->
  <testcase name="@BeforeMethod setUpMethod" time="-1.649932467423E9" classname="com.sauceDemo.TestClasses.TestBaseClass">
    <failure type="org.testng.TestNGException" message="
Parameter &amp;apos;browserName&amp;apos; is required by BeforeMethod on method setUpMethod but has not been marked @Optional or defined
in C:\Users\prasa\eclipse-workspace\sauceDemo5\testng.xml">
      <![CDATA[org.testng.TestNGException: 
Parameter 'browserName' is required by BeforeMethod on method setUpMethod but has not been marked @Optional or defined
in C:\Users\prasa\eclipse-workspace\sauceDemo5\testng.xml
at java.util.ArrayList.forEach(ArrayList.java:1257)
... Removed 28 stack frames]]>
    </failure>
  </testcase> <!-- @BeforeMethod setUpMethod -->
  <testcase name="@AfterMethod tearDownmethod" time="-1.649932467429E9" classname="com.sauceDemo.TestClasses.TestBaseClass">
    <skipped/>
  </testcase> <!-- @AfterMethod tearDownmethod -->
  <testcase name="@BeforeMethod setUpMethod" time="-1.64993246743E9" classname="com.sauceDemo.TestClasses.TestBaseClass">
    <failure type="org.testng.TestNGException" message="
Parameter &amp;apos;browserName&amp;apos; is required by BeforeMethod on method setUpMethod but has not been marked @Optional or defined
in C:\Users\prasa\eclipse-workspace\sauceDemo5\testng.xml">
      <![CDATA[org.testng.TestNGException: 
Parameter 'browserName' is required by BeforeMethod on method setUpMethod but has not been marked @Optional or defined
in C:\Users\prasa\eclipse-workspace\sauceDemo5\testng.xml
at java.util.ArrayList.forEach(ArrayList.java:1257)
... Removed 28 stack frames]]>
    </failure>
  </testcase> <!-- @BeforeMethod setUpMethod -->
  <testcase name="@AfterMethod tearDownmethod" time="-1.649932467436E9" classname="com.sauceDemo.TestClasses.TestBaseClass">
    <skipped/>
  </testcase> <!-- @AfterMethod tearDownmethod -->
  <testcase name="@BeforeMethod setUpMethod" time="-1.649932467437E9" classname="com.sauceDemo.TestClasses.TestBaseClass">
    <failure type="org.testng.TestNGException" message="
Parameter &amp;apos;browserName&amp;apos; is required by BeforeMethod on method setUpMethod but has not been marked @Optional or defined
in C:\Users\prasa\eclipse-workspace\sauceDemo5\testng.xml">
      <![CDATA[org.testng.TestNGException: 
Parameter 'browserName' is required by BeforeMethod on method setUpMethod but has not been marked @Optional or defined
in C:\Users\prasa\eclipse-workspace\sauceDemo5\testng.xml
at java.util.ArrayList.forEach(ArrayList.java:1257)
... Removed 28 stack frames]]>
    </failure>
  </testcase> <!-- @BeforeMethod setUpMethod -->
  <testcase name="@AfterMethod tearDownmethod" time="-1.649932467443E9" classname="com.sauceDemo.TestClasses.TestBaseClass">
    <skipped/>
  </testcase> <!-- @AfterMethod tearDownmethod -->
  <testcase name="verifyLogoutFunctionality" time="0.0" classname="com.sauceDemo.TestClasses.TC03LogoutFunctionality">
    <skipped/>
  </testcase> <!-- verifyLogoutFunctionality -->
  <testcase name="verifyLoginFunctionality" time="0.0" classname="com.sauceDemo.TestClasses.TC01LoginFunctionality">
    <skipped/>
  </testcase> <!-- verifyLoginFunctionality -->
  <testcase name="verifyAddToCartfunctionalityMultipleProduct" time="0.0" classname="com.sauceDemo.TestClasses.TC04AddToCartFunctionalityMultipleProduct">
    <skipped/>
  </testcase> <!-- verifyAddToCartfunctionalityMultipleProduct -->
  <testcase name="verifyAddToCartFunctionality" time="0.0" classname="com.sauceDemo.TestClasses.TC02AddToCartFunctinalitySingleProduct">
    <skipped/>
  </testcase> <!-- verifyAddToCartFunctionality -->
</testsuite> <!-- Test -->
